<?xml version="1.0" encoding="UTF-8"?>
<!-- Generated by org.testng.reporters.JUnitReportReporter -->
<testsuite hostname="INLEN6239019998" failures="0" tests="1" name="testexecution.HomePageTest" time="5.705" errors="0" timestamp="2023-01-20T14:52:48 IST" skipped="0">
  <testcase classname="testexecution.HomePageTest" name="validateHotelTitle" time="5.705"/>
  <system-out/>
</testsuite> <!-- testexecution.HomePageTest -->
